<?xml version="1.0" encoding="UTF-8"?>
<!-- Generated by org.testng.reporters.JUnitReportReporter -->
<testsuite hostname="LAPTOP-Q14IUQ83" failures="0" tests="1" name="com.crm.qa.testcases.LoginPageTest" time="29.222" errors="0" timestamp="21 Jul 2020 10:37:43 GMT" skipped="0">
  <testcase classname="com.crm.qa.testcases.LoginPageTest" name="loginTest" time="29.222"/>
</testsuite> <!-- com.crm.qa.testcases.LoginPageTest -->
