<?xml version="1.0" encoding="UTF-8"?>
<!-- Generated by org.testng.reporters.JUnitReportReporter -->
<testsuite skipped="0" hostname="LAPTOP-Q14IUQ83" name="com.crm.qa.testcases.AmazonLoginPageTest" tests="1" failures="0" timestamp="30 Jul 2020 07:42:52 GMT" time="23.145" errors="0">
  <testcase name="loginTest" time="23.145" classname="com.crm.qa.testcases.AmazonLoginPageTest"/>
</testsuite> <!-- com.crm.qa.testcases.AmazonLoginPageTest -->
