<?xml version="1.0" encoding="UTF-8"?>
<!-- Generated by org.testng.reporters.JUnitReportReporter -->
<testsuite hostname="LAPTOP-Q14IUQ83" failures="0" tests="1" name="com.crm.qa.testcases.AmazonHomePageTest" time="32.717" errors="0" timestamp="27 Jul 2020 12:46:29 GMT" skipped="0">
  <testcase classname="com.crm.qa.testcases.AmazonHomePageTest" name="searchproductTest" time="32.717"/>
</testsuite> <!-- com.crm.qa.testcases.AmazonHomePageTest -->
