<?xml version="1.0" encoding="UTF-8"?>
<!-- Generated by org.testng.reporters.JUnitReportReporter -->
<testsuite hostname="LAPTOP-Q14IUQ83" failures="0" tests="1" name="com.crm.qa.testcases.AmazonSearchResultPageTest" time="24.264" errors="0" timestamp="21 Jul 2020 14:50:41 GMT" skipped="0">
  <testcase classname="com.crm.qa.testcases.AmazonSearchResultPageTest" name="CataloguePageTest" time="24.264"/>
</testsuite> <!-- com.crm.qa.testcases.AmazonSearchResultPageTest -->
